The target system is: Windows -  - 
The host system is: Linux - 4.18.0-16-generic - x86_64
Compiling the C compiler identification source file "CMakeCCompilerId.c" succeeded.
Compiler: /usr/bin/x86_64-w64-mingw32-gcc 
Build flags: 
Id flags:  

The output was:
0


Compilation of the C compiler identification source "CMakeCCompilerId.c" produced "a.exe"

The C compiler identification is GNU, found in "/home/jsnapp/Documents/CrabNet/build_win/CMakeFiles/3.10.2/CompilerIdC/a.exe"

Compiling the CXX compiler identification source file "CMakeCXXCompilerId.cpp" succeeded.
Compiler: /usr/bin/x86_64-w64-mingw32-g++ 
Build flags: 
Id flags:  

The output was:
0


Compilation of the CXX compiler identification source "CMakeCXXCompilerId.cpp" produced "a.exe"

The CXX compiler identification is GNU, found in "/home/jsnapp/Documents/CrabNet/build_win/CMakeFiles/3.10.2/CompilerIdCXX/a.exe"

Determining if the C compiler works passed with the following output:
Change Dir: /home/jsnapp/Documents/CrabNet/build_win/CMakeFiles/CMakeTmp

Run Build Command:"/usr/bin/make" "cmTC_4534e/fast"
/usr/bin/make -f CMakeFiles/cmTC_4534e.dir/build.make CMakeFiles/cmTC_4534e.dir/build
make[1]: Entering directory '/home/jsnapp/Documents/CrabNet/build_win/CMakeFiles/CMakeTmp'
Building C object CMakeFiles/cmTC_4534e.dir/testCCompiler.c.obj
/usr/bin/x86_64-w64-mingw32-gcc    -o CMakeFiles/cmTC_4534e.dir/testCCompiler.c.obj   -c /home/jsnapp/Documents/CrabNet/build_win/CMakeFiles/CMakeTmp/testCCompiler.c
Linking C executable cmTC_4534e.exe
/usr/bin/cmake -E cmake_link_script CMakeFiles/cmTC_4534e.dir/link.txt --verbose=1
/usr/bin/cmake -E remove -f CMakeFiles/cmTC_4534e.dir/objects.a
/usr/bin/x86_64-w64-mingw32-ar cr CMakeFiles/cmTC_4534e.dir/objects.a @CMakeFiles/cmTC_4534e.dir/objects1.rsp
/usr/bin/x86_64-w64-mingw32-gcc      -Wl,--whole-archive CMakeFiles/cmTC_4534e.dir/objects.a -Wl,--no-whole-archive  -o cmTC_4534e.exe -Wl,--out-implib,libcmTC_4534e.dll.a -Wl,--major-image-version,0,--minor-image-version,0 @CMakeFiles/cmTC_4534e.dir/linklibs.rsp
make[1]: Leaving directory '/home/jsnapp/Documents/CrabNet/build_win/CMakeFiles/CMakeTmp'


Detecting C compiler ABI info compiled with the following output:
Change Dir: /home/jsnapp/Documents/CrabNet/build_win/CMakeFiles/CMakeTmp

Run Build Command:"/usr/bin/make" "cmTC_7c63f/fast"
/usr/bin/make -f CMakeFiles/cmTC_7c63f.dir/build.make CMakeFiles/cmTC_7c63f.dir/build
make[1]: Entering directory '/home/jsnapp/Documents/CrabNet/build_win/CMakeFiles/CMakeTmp'
Building C object CMakeFiles/cmTC_7c63f.dir/CMakeCCompilerABI.c.obj
/usr/bin/x86_64-w64-mingw32-gcc    -o CMakeFiles/cmTC_7c63f.dir/CMakeCCompilerABI.c.obj   -c /usr/share/cmake-3.10/Modules/CMakeCCompilerABI.c
Linking C executable cmTC_7c63f.exe
/usr/bin/cmake -E cmake_link_script CMakeFiles/cmTC_7c63f.dir/link.txt --verbose=1
/usr/bin/cmake -E remove -f CMakeFiles/cmTC_7c63f.dir/objects.a
/usr/bin/x86_64-w64-mingw32-ar cr CMakeFiles/cmTC_7c63f.dir/objects.a @CMakeFiles/cmTC_7c63f.dir/objects1.rsp
/usr/bin/x86_64-w64-mingw32-gcc     -v -Wl,--whole-archive CMakeFiles/cmTC_7c63f.dir/objects.a -Wl,--no-whole-archive  -o cmTC_7c63f.exe -Wl,--out-implib,libcmTC_7c63f.dll.a -Wl,--major-image-version,0,--minor-image-version,0 
Using built-in specs.
COLLECT_GCC=/usr/bin/x86_64-w64-mingw32-gcc
COLLECT_LTO_WRAPPER=/usr/lib/gcc/x86_64-w64-mingw32/7.3-win32/lto-wrapper
Target: x86_64-w64-mingw32
Configured with: ../../src/configure --build=x86_64-linux-gnu --prefix=/usr --includedir='/usr/include' --mandir='/usr/share/man' --infodir='/usr/share/info' --sysconfdir=/etc --localstatedir=/var --disable-silent-rules --libdir='/usr/lib/x86_64-linux-gnu' --libexecdir='/usr/lib/x86_64-linux-gnu' --disable-maintainer-mode --disable-dependency-tracking --prefix=/usr --enable-shared --enable-static --disable-multilib --with-system-zlib --libexecdir=/usr/lib --without-included-gettext --libdir=/usr/lib --enable-libstdcxx-time=yes --with-tune=generic --with-headers=/usr/x86_64-w64-mingw32/include --enable-version-specific-runtime-libs --enable-fully-dynamic-string --enable-libgomp --enable-languages=c,c++,fortran,objc,obj-c++,ada --enable-lto --with-plugin-ld --enable-threads=win32 --program-suffix=-win32 --program-prefix=x86_64-w64-mingw32- --target=x86_64-w64-mingw32 --with-as=/usr/bin/x86_64-w64-mingw32-as --with-ld=/usr/bin/x86_64-w64-mingw32-ld --enable-libatomic --enable-libstdcxx-filesystem-ts=yes
Thread model: win32
gcc version 7.3-win32 20180312 (GCC) 
COMPILER_PATH=/usr/lib/gcc/x86_64-w64-mingw32/7.3-win32/:/usr/lib/gcc/x86_64-w64-mingw32/7.3-win32/:/usr/lib/gcc/x86_64-w64-mingw32/:/usr/lib/gcc/x86_64-w64-mingw32/7.3-win32/:/usr/lib/gcc/x86_64-w64-mingw32/:/usr/lib/gcc/x86_64-w64-mingw32/7.3-win32/../../../../x86_64-w64-mingw32/bin/
LIBRARY_PATH=/usr/lib/gcc/x86_64-w64-mingw32/7.3-win32/:/usr/lib/gcc/x86_64-w64-mingw32/7.3-win32/../../../../x86_64-w64-mingw32/lib/
COLLECT_GCC_OPTIONS='-v' '-o' 'cmTC_7c63f.exe' '-mtune=generic' '-march=x86-64'
 /usr/lib/gcc/x86_64-w64-mingw32/7.3-win32/collect2 -m i386pep -Bdynamic -o cmTC_7c63f.exe /usr/lib/gcc/x86_64-w64-mingw32/7.3-win32/../../../../x86_64-w64-mingw32/lib/crt2.o /usr/lib/gcc/x86_64-w64-mingw32/7.3-win32/crtbegin.o -L/usr/lib/gcc/x86_64-w64-mingw32/7.3-win32 -L/usr/lib/gcc/x86_64-w64-mingw32/7.3-win32/../../../../x86_64-w64-mingw32/lib --whole-archive CMakeFiles/cmTC_7c63f.dir/objects.a --no-whole-archive --out-implib libcmTC_7c63f.dll.a --major-image-version 0 --minor-image-version 0 -lmingw32 -lgcc -lgcc_eh -lmoldname -lmingwex -lmsvcrt -ladvapi32 -lshell32 -luser32 -lkernel32 -lmingw32 -lgcc -lgcc_eh -lmoldname -lmingwex -lmsvcrt /usr/lib/gcc/x86_64-w64-mingw32/7.3-win32/crtend.o
COLLECT_GCC_OPTIONS='-v' '-o' 'cmTC_7c63f.exe' '-mtune=generic' '-march=x86-64'
make[1]: Leaving directory '/home/jsnapp/Documents/CrabNet/build_win/CMakeFiles/CMakeTmp'


Parsed C implicit link information from above output:
  link line regex: [^( *|.*[/\])(x86_64-w64-mingw32-ld|CMAKE_LINK_STARTFILE-NOTFOUND|([^/\]+-)?ld|collect2)[^/\]*( |$)]
  ignore line: [Change Dir: /home/jsnapp/Documents/CrabNet/build_win/CMakeFiles/CMakeTmp]
  ignore line: []
  ignore line: [Run Build Command:"/usr/bin/make" "cmTC_7c63f/fast"]
  ignore line: [/usr/bin/make -f CMakeFiles/cmTC_7c63f.dir/build.make CMakeFiles/cmTC_7c63f.dir/build]
  ignore line: [make[1]: Entering directory '/home/jsnapp/Documents/CrabNet/build_win/CMakeFiles/CMakeTmp']
  ignore line: [Building C object CMakeFiles/cmTC_7c63f.dir/CMakeCCompilerABI.c.obj]
  ignore line: [/usr/bin/x86_64-w64-mingw32-gcc    -o CMakeFiles/cmTC_7c63f.dir/CMakeCCompilerABI.c.obj   -c /usr/share/cmake-3.10/Modules/CMakeCCompilerABI.c]
  ignore line: [Linking C executable cmTC_7c63f.exe]
  ignore line: [/usr/bin/cmake -E cmake_link_script CMakeFiles/cmTC_7c63f.dir/link.txt --verbose=1]
  ignore line: [/usr/bin/cmake -E remove -f CMakeFiles/cmTC_7c63f.dir/objects.a]
  ignore line: [/usr/bin/x86_64-w64-mingw32-ar cr CMakeFiles/cmTC_7c63f.dir/objects.a @CMakeFiles/cmTC_7c63f.dir/objects1.rsp]
  ignore line: [/usr/bin/x86_64-w64-mingw32-gcc     -v -Wl,--whole-archive CMakeFiles/cmTC_7c63f.dir/objects.a -Wl,--no-whole-archive  -o cmTC_7c63f.exe -Wl,--out-implib,libcmTC_7c63f.dll.a -Wl,--major-image-version,0,--minor-image-version,0 ]
  ignore line: [Using built-in specs.]
  ignore line: [COLLECT_GCC=/usr/bin/x86_64-w64-mingw32-gcc]
  ignore line: [COLLECT_LTO_WRAPPER=/usr/lib/gcc/x86_64-w64-mingw32/7.3-win32/lto-wrapper]
  ignore line: [Target: x86_64-w64-mingw32]
  ignore line: [Configured with: ../../src/configure --build=x86_64-linux-gnu --prefix=/usr --includedir='/usr/include' --mandir='/usr/share/man' --infodir='/usr/share/info' --sysconfdir=/etc --localstatedir=/var --disable-silent-rules --libdir='/usr/lib/x86_64-linux-gnu' --libexecdir='/usr/lib/x86_64-linux-gnu' --disable-maintainer-mode --disable-dependency-tracking --prefix=/usr --enable-shared --enable-static --disable-multilib --with-system-zlib --libexecdir=/usr/lib --without-included-gettext --libdir=/usr/lib --enable-libstdcxx-time=yes --with-tune=generic --with-headers=/usr/x86_64-w64-mingw32/include --enable-version-specific-runtime-libs --enable-fully-dynamic-string --enable-libgomp --enable-languages=c,c++,fortran,objc,obj-c++,ada --enable-lto --with-plugin-ld --enable-threads=win32 --program-suffix=-win32 --program-prefix=x86_64-w64-mingw32- --target=x86_64-w64-mingw32 --with-as=/usr/bin/x86_64-w64-mingw32-as --with-ld=/usr/bin/x86_64-w64-mingw32-ld --enable-libatomic --enable-libstdcxx-filesystem-ts=yes]
  ignore line: [Thread model: win32]
  ignore line: [gcc version 7.3-win32 20180312 (GCC) ]
  ignore line: [COMPILER_PATH=/usr/lib/gcc/x86_64-w64-mingw32/7.3-win32/:/usr/lib/gcc/x86_64-w64-mingw32/7.3-win32/:/usr/lib/gcc/x86_64-w64-mingw32/:/usr/lib/gcc/x86_64-w64-mingw32/7.3-win32/:/usr/lib/gcc/x86_64-w64-mingw32/:/usr/lib/gcc/x86_64-w64-mingw32/7.3-win32/../../../../x86_64-w64-mingw32/bin/]
  ignore line: [LIBRARY_PATH=/usr/lib/gcc/x86_64-w64-mingw32/7.3-win32/:/usr/lib/gcc/x86_64-w64-mingw32/7.3-win32/../../../../x86_64-w64-mingw32/lib/]
  ignore line: [COLLECT_GCC_OPTIONS='-v' '-o' 'cmTC_7c63f.exe' '-mtune=generic' '-march=x86-64']
  link line: [ /usr/lib/gcc/x86_64-w64-mingw32/7.3-win32/collect2 -m i386pep -Bdynamic -o cmTC_7c63f.exe /usr/lib/gcc/x86_64-w64-mingw32/7.3-win32/../../../../x86_64-w64-mingw32/lib/crt2.o /usr/lib/gcc/x86_64-w64-mingw32/7.3-win32/crtbegin.o -L/usr/lib/gcc/x86_64-w64-mingw32/7.3-win32 -L/usr/lib/gcc/x86_64-w64-mingw32/7.3-win32/../../../../x86_64-w64-mingw32/lib --whole-archive CMakeFiles/cmTC_7c63f.dir/objects.a --no-whole-archive --out-implib libcmTC_7c63f.dll.a --major-image-version 0 --minor-image-version 0 -lmingw32 -lgcc -lgcc_eh -lmoldname -lmingwex -lmsvcrt -ladvapi32 -lshell32 -luser32 -lkernel32 -lmingw32 -lgcc -lgcc_eh -lmoldname -lmingwex -lmsvcrt /usr/lib/gcc/x86_64-w64-mingw32/7.3-win32/crtend.o]
    arg [/usr/lib/gcc/x86_64-w64-mingw32/7.3-win32/collect2] ==> ignore
    arg [-m] ==> ignore
    arg [i386pep] ==> ignore
    arg [-Bdynamic] ==> ignore
    arg [-o] ==> ignore
    arg [cmTC_7c63f.exe] ==> ignore
    arg [/usr/lib/gcc/x86_64-w64-mingw32/7.3-win32/../../../../x86_64-w64-mingw32/lib/crt2.o] ==> ignore
    arg [/usr/lib/gcc/x86_64-w64-mingw32/7.3-win32/crtbegin.o] ==> ignore
    arg [-L/usr/lib/gcc/x86_64-w64-mingw32/7.3-win32] ==> dir [/usr/lib/gcc/x86_64-w64-mingw32/7.3-win32]
    arg [-L/usr/lib/gcc/x86_64-w64-mingw32/7.3-win32/../../../../x86_64-w64-mingw32/lib] ==> dir [/usr/lib/gcc/x86_64-w64-mingw32/7.3-win32/../../../../x86_64-w64-mingw32/lib]
    arg [--whole-archive] ==> ignore
    arg [CMakeFiles/cmTC_7c63f.dir/objects.a] ==> ignore
    arg [--no-whole-archive] ==> ignore
    arg [--out-implib] ==> ignore
    arg [libcmTC_7c63f.dll.a] ==> ignore
    arg [--major-image-version] ==> ignore
    arg [0] ==> ignore
    arg [--minor-image-version] ==> ignore
    arg [0] ==> ignore
    arg [-lmingw32] ==> lib [mingw32]
    arg [-lgcc] ==> lib [gcc]
    arg [-lgcc_eh] ==> lib [gcc_eh]
    arg [-lmoldname] ==> lib [moldname]
    arg [-lmingwex] ==> lib [mingwex]
    arg [-lmsvcrt] ==> lib [msvcrt]
    arg [-ladvapi32] ==> lib [advapi32]
    arg [-lshell32] ==> lib [shell32]
    arg [-luser32] ==> lib [user32]
    arg [-lkernel32] ==> lib [kernel32]
    arg [-lmingw32] ==> lib [mingw32]
    arg [-lgcc] ==> lib [gcc]
    arg [-lgcc_eh] ==> lib [gcc_eh]
    arg [-lmoldname] ==> lib [moldname]
    arg [-lmingwex] ==> lib [mingwex]
    arg [-lmsvcrt] ==> lib [msvcrt]
    arg [/usr/lib/gcc/x86_64-w64-mingw32/7.3-win32/crtend.o] ==> ignore
  remove lib [gcc_eh]
  remove lib [msvcrt]
  remove lib [gcc_eh]
  remove lib [msvcrt]
  collapse library dir [/usr/lib/gcc/x86_64-w64-mingw32/7.3-win32] ==> [/usr/lib/gcc/x86_64-w64-mingw32/7.3-win32]
  collapse library dir [/usr/lib/gcc/x86_64-w64-mingw32/7.3-win32/../../../../x86_64-w64-mingw32/lib] ==> [/usr/x86_64-w64-mingw32/lib]
  implicit libs: [mingw32;gcc;moldname;mingwex;advapi32;shell32;user32;kernel32;mingw32;gcc;moldname;mingwex]
  implicit dirs: [/usr/lib/gcc/x86_64-w64-mingw32/7.3-win32;/usr/x86_64-w64-mingw32/lib]
  implicit fwks: []




Detecting C [-std=c11] compiler features compiled with the following output:
Change Dir: /home/jsnapp/Documents/CrabNet/build_win/CMakeFiles/CMakeTmp

Run Build Command:"/usr/bin/make" "cmTC_c6789/fast"
/usr/bin/make -f CMakeFiles/cmTC_c6789.dir/build.make CMakeFiles/cmTC_c6789.dir/build
make[1]: Entering directory '/home/jsnapp/Documents/CrabNet/build_win/CMakeFiles/CMakeTmp'
Building C object CMakeFiles/cmTC_c6789.dir/feature_tests.c.obj
/usr/bin/x86_64-w64-mingw32-gcc   -std=c11 -o CMakeFiles/cmTC_c6789.dir/feature_tests.c.obj   -c /home/jsnapp/Documents/CrabNet/build_win/CMakeFiles/feature_tests.c
Linking C executable cmTC_c6789.exe
/usr/bin/cmake -E cmake_link_script CMakeFiles/cmTC_c6789.dir/link.txt --verbose=1
/usr/bin/cmake -E remove -f CMakeFiles/cmTC_c6789.dir/objects.a
/usr/bin/x86_64-w64-mingw32-ar cr CMakeFiles/cmTC_c6789.dir/objects.a @CMakeFiles/cmTC_c6789.dir/objects1.rsp
/usr/bin/x86_64-w64-mingw32-gcc      -Wl,--whole-archive CMakeFiles/cmTC_c6789.dir/objects.a -Wl,--no-whole-archive  -o cmTC_c6789.exe -Wl,--out-implib,libcmTC_c6789.dll.a -Wl,--major-image-version,0,--minor-image-version,0 @CMakeFiles/cmTC_c6789.dir/linklibs.rsp
make[1]: Leaving directory '/home/jsnapp/Documents/CrabNet/build_win/CMakeFiles/CMakeTmp'


    Feature record: C_FEATURE:1c_function_prototypes
    Feature record: C_FEATURE:1c_restrict
    Feature record: C_FEATURE:1c_static_assert
    Feature record: C_FEATURE:1c_variadic_macros


Detecting C [-std=c99] compiler features compiled with the following output:
Change Dir: /home/jsnapp/Documents/CrabNet/build_win/CMakeFiles/CMakeTmp

Run Build Command:"/usr/bin/make" "cmTC_1e47f/fast"
/usr/bin/make -f CMakeFiles/cmTC_1e47f.dir/build.make CMakeFiles/cmTC_1e47f.dir/build
make[1]: Entering directory '/home/jsnapp/Documents/CrabNet/build_win/CMakeFiles/CMakeTmp'
Building C object CMakeFiles/cmTC_1e47f.dir/feature_tests.c.obj
/usr/bin/x86_64-w64-mingw32-gcc   -std=c99 -o CMakeFiles/cmTC_1e47f.dir/feature_tests.c.obj   -c /home/jsnapp/Documents/CrabNet/build_win/CMakeFiles/feature_tests.c
Linking C executable cmTC_1e47f.exe
/usr/bin/cmake -E cmake_link_script CMakeFiles/cmTC_1e47f.dir/link.txt --verbose=1
/usr/bin/cmake -E remove -f CMakeFiles/cmTC_1e47f.dir/objects.a
/usr/bin/x86_64-w64-mingw32-ar cr CMakeFiles/cmTC_1e47f.dir/objects.a @CMakeFiles/cmTC_1e47f.dir/objects1.rsp
/usr/bin/x86_64-w64-mingw32-gcc      -Wl,--whole-archive CMakeFiles/cmTC_1e47f.dir/objects.a -Wl,--no-whole-archive  -o cmTC_1e47f.exe -Wl,--out-implib,libcmTC_1e47f.dll.a -Wl,--major-image-version,0,--minor-image-version,0 @CMakeFiles/cmTC_1e47f.dir/linklibs.rsp
make[1]: Leaving directory '/home/jsnapp/Documents/CrabNet/build_win/CMakeFiles/CMakeTmp'


    Feature record: C_FEATURE:1c_function_prototypes
    Feature record: C_FEATURE:1c_restrict
    Feature record: C_FEATURE:0c_static_assert
    Feature record: C_FEATURE:1c_variadic_macros


Detecting C [-std=c90] compiler features compiled with the following output:
Change Dir: /home/jsnapp/Documents/CrabNet/build_win/CMakeFiles/CMakeTmp

Run Build Command:"/usr/bin/make" "cmTC_8a060/fast"
/usr/bin/make -f CMakeFiles/cmTC_8a060.dir/build.make CMakeFiles/cmTC_8a060.dir/build
make[1]: Entering directory '/home/jsnapp/Documents/CrabNet/build_win/CMakeFiles/CMakeTmp'
Building C object CMakeFiles/cmTC_8a060.dir/feature_tests.c.obj
/usr/bin/x86_64-w64-mingw32-gcc   -std=c90 -o CMakeFiles/cmTC_8a060.dir/feature_tests.c.obj   -c /home/jsnapp/Documents/CrabNet/build_win/CMakeFiles/feature_tests.c
Linking C executable cmTC_8a060.exe
/usr/bin/cmake -E cmake_link_script CMakeFiles/cmTC_8a060.dir/link.txt --verbose=1
/usr/bin/cmake -E remove -f CMakeFiles/cmTC_8a060.dir/objects.a
/usr/bin/x86_64-w64-mingw32-ar cr CMakeFiles/cmTC_8a060.dir/objects.a @CMakeFiles/cmTC_8a060.dir/objects1.rsp
/usr/bin/x86_64-w64-mingw32-gcc      -Wl,--whole-archive CMakeFiles/cmTC_8a060.dir/objects.a -Wl,--no-whole-archive  -o cmTC_8a060.exe -Wl,--out-implib,libcmTC_8a060.dll.a -Wl,--major-image-version,0,--minor-image-version,0 @CMakeFiles/cmTC_8a060.dir/linklibs.rsp
make[1]: Leaving directory '/home/jsnapp/Documents/CrabNet/build_win/CMakeFiles/CMakeTmp'


    Feature record: C_FEATURE:1c_function_prototypes
    Feature record: C_FEATURE:0c_restrict
    Feature record: C_FEATURE:0c_static_assert
    Feature record: C_FEATURE:0c_variadic_macros
Determining if the CXX compiler works passed with the following output:
Change Dir: /home/jsnapp/Documents/CrabNet/build_win/CMakeFiles/CMakeTmp

Run Build Command:"/usr/bin/make" "cmTC_0d201/fast"
/usr/bin/make -f CMakeFiles/cmTC_0d201.dir/build.make CMakeFiles/cmTC_0d201.dir/build
make[1]: Entering directory '/home/jsnapp/Documents/CrabNet/build_win/CMakeFiles/CMakeTmp'
Building CXX object CMakeFiles/cmTC_0d201.dir/testCXXCompiler.cxx.obj
/usr/bin/x86_64-w64-mingw32-g++     -o CMakeFiles/cmTC_0d201.dir/testCXXCompiler.cxx.obj -c /home/jsnapp/Documents/CrabNet/build_win/CMakeFiles/CMakeTmp/testCXXCompiler.cxx
Linking CXX executable cmTC_0d201.exe
/usr/bin/cmake -E cmake_link_script CMakeFiles/cmTC_0d201.dir/link.txt --verbose=1
/usr/bin/cmake -E remove -f CMakeFiles/cmTC_0d201.dir/objects.a
/usr/bin/x86_64-w64-mingw32-ar cr CMakeFiles/cmTC_0d201.dir/objects.a @CMakeFiles/cmTC_0d201.dir/objects1.rsp
/usr/bin/x86_64-w64-mingw32-g++      -Wl,--whole-archive CMakeFiles/cmTC_0d201.dir/objects.a -Wl,--no-whole-archive  -o cmTC_0d201.exe -Wl,--out-implib,libcmTC_0d201.dll.a -Wl,--major-image-version,0,--minor-image-version,0 @CMakeFiles/cmTC_0d201.dir/linklibs.rsp
make[1]: Leaving directory '/home/jsnapp/Documents/CrabNet/build_win/CMakeFiles/CMakeTmp'


Detecting CXX compiler ABI info compiled with the following output:
Change Dir: /home/jsnapp/Documents/CrabNet/build_win/CMakeFiles/CMakeTmp

Run Build Command:"/usr/bin/make" "cmTC_ba17a/fast"
/usr/bin/make -f CMakeFiles/cmTC_ba17a.dir/build.make CMakeFiles/cmTC_ba17a.dir/build
make[1]: Entering directory '/home/jsnapp/Documents/CrabNet/build_win/CMakeFiles/CMakeTmp'
Building CXX object CMakeFiles/cmTC_ba17a.dir/CMakeCXXCompilerABI.cpp.obj
/usr/bin/x86_64-w64-mingw32-g++     -o CMakeFiles/cmTC_ba17a.dir/CMakeCXXCompilerABI.cpp.obj -c /usr/share/cmake-3.10/Modules/CMakeCXXCompilerABI.cpp
Linking CXX executable cmTC_ba17a.exe
/usr/bin/cmake -E cmake_link_script CMakeFiles/cmTC_ba17a.dir/link.txt --verbose=1
/usr/bin/cmake -E remove -f CMakeFiles/cmTC_ba17a.dir/objects.a
/usr/bin/x86_64-w64-mingw32-ar cr CMakeFiles/cmTC_ba17a.dir/objects.a @CMakeFiles/cmTC_ba17a.dir/objects1.rsp
/usr/bin/x86_64-w64-mingw32-g++     -v -Wl,--whole-archive CMakeFiles/cmTC_ba17a.dir/objects.a -Wl,--no-whole-archive  -o cmTC_ba17a.exe -Wl,--out-implib,libcmTC_ba17a.dll.a -Wl,--major-image-version,0,--minor-image-version,0 
Using built-in specs.
COLLECT_GCC=/usr/bin/x86_64-w64-mingw32-g++
COLLECT_LTO_WRAPPER=/usr/lib/gcc/x86_64-w64-mingw32/7.3-win32/lto-wrapper
Target: x86_64-w64-mingw32
Configured with: ../../src/configure --build=x86_64-linux-gnu --prefix=/usr --includedir='/usr/include' --mandir='/usr/share/man' --infodir='/usr/share/info' --sysconfdir=/etc --localstatedir=/var --disable-silent-rules --libdir='/usr/lib/x86_64-linux-gnu' --libexecdir='/usr/lib/x86_64-linux-gnu' --disable-maintainer-mode --disable-dependency-tracking --prefix=/usr --enable-shared --enable-static --disable-multilib --with-system-zlib --libexecdir=/usr/lib --without-included-gettext --libdir=/usr/lib --enable-libstdcxx-time=yes --with-tune=generic --with-headers=/usr/x86_64-w64-mingw32/include --enable-version-specific-runtime-libs --enable-fully-dynamic-string --enable-libgomp --enable-languages=c,c++,fortran,objc,obj-c++,ada --enable-lto --with-plugin-ld --enable-threads=win32 --program-suffix=-win32 --program-prefix=x86_64-w64-mingw32- --target=x86_64-w64-mingw32 --with-as=/usr/bin/x86_64-w64-mingw32-as --with-ld=/usr/bin/x86_64-w64-mingw32-ld --enable-libatomic --enable-libstdcxx-filesystem-ts=yes
Thread model: win32
gcc version 7.3-win32 20180312 (GCC) 
COMPILER_PATH=/usr/lib/gcc/x86_64-w64-mingw32/7.3-win32/:/usr/lib/gcc/x86_64-w64-mingw32/7.3-win32/:/usr/lib/gcc/x86_64-w64-mingw32/:/usr/lib/gcc/x86_64-w64-mingw32/7.3-win32/:/usr/lib/gcc/x86_64-w64-mingw32/:/usr/lib/gcc/x86_64-w64-mingw32/7.3-win32/../../../../x86_64-w64-mingw32/bin/
LIBRARY_PATH=/usr/lib/gcc/x86_64-w64-mingw32/7.3-win32/:/usr/lib/gcc/x86_64-w64-mingw32/7.3-win32/../../../../x86_64-w64-mingw32/lib/
COLLECT_GCC_OPTIONS='-v' '-o' 'cmTC_ba17a.exe' '-shared-libgcc' '-mtune=generic' '-march=x86-64'
 /usr/lib/gcc/x86_64-w64-mingw32/7.3-win32/collect2 -m i386pep -Bdynamic -o cmTC_ba17a.exe /usr/lib/gcc/x86_64-w64-mingw32/7.3-win32/../../../../x86_64-w64-mingw32/lib/crt2.o /usr/lib/gcc/x86_64-w64-mingw32/7.3-win32/crtbegin.o -L/usr/lib/gcc/x86_64-w64-mingw32/7.3-win32 -L/usr/lib/gcc/x86_64-w64-mingw32/7.3-win32/../../../../x86_64-w64-mingw32/lib --whole-archive CMakeFiles/cmTC_ba17a.dir/objects.a --no-whole-archive --out-implib libcmTC_ba17a.dll.a --major-image-version 0 --minor-image-version 0 -lstdc++ -lmingw32 -lgcc_s -lgcc -lmoldname -lmingwex -lmsvcrt -ladvapi32 -lshell32 -luser32 -lkernel32 -lmingw32 -lgcc_s -lgcc -lmoldname -lmingwex -lmsvcrt /usr/lib/gcc/x86_64-w64-mingw32/7.3-win32/crtend.o
COLLECT_GCC_OPTIONS='-v' '-o' 'cmTC_ba17a.exe' '-shared-libgcc' '-mtune=generic' '-march=x86-64'
make[1]: Leaving directory '/home/jsnapp/Documents/CrabNet/build_win/CMakeFiles/CMakeTmp'


Parsed CXX implicit link information from above output:
  link line regex: [^( *|.*[/\])(x86_64-w64-mingw32-ld|CMAKE_LINK_STARTFILE-NOTFOUND|([^/\]+-)?ld|collect2)[^/\]*( |$)]
  ignore line: [Change Dir: /home/jsnapp/Documents/CrabNet/build_win/CMakeFiles/CMakeTmp]
  ignore line: []
  ignore line: [Run Build Command:"/usr/bin/make" "cmTC_ba17a/fast"]
  ignore line: [/usr/bin/make -f CMakeFiles/cmTC_ba17a.dir/build.make CMakeFiles/cmTC_ba17a.dir/build]
  ignore line: [make[1]: Entering directory '/home/jsnapp/Documents/CrabNet/build_win/CMakeFiles/CMakeTmp']
  ignore line: [Building CXX object CMakeFiles/cmTC_ba17a.dir/CMakeCXXCompilerABI.cpp.obj]
  ignore line: [/usr/bin/x86_64-w64-mingw32-g++     -o CMakeFiles/cmTC_ba17a.dir/CMakeCXXCompilerABI.cpp.obj -c /usr/share/cmake-3.10/Modules/CMakeCXXCompilerABI.cpp]
  ignore line: [Linking CXX executable cmTC_ba17a.exe]
  ignore line: [/usr/bin/cmake -E cmake_link_script CMakeFiles/cmTC_ba17a.dir/link.txt --verbose=1]
  ignore line: [/usr/bin/cmake -E remove -f CMakeFiles/cmTC_ba17a.dir/objects.a]
  ignore line: [/usr/bin/x86_64-w64-mingw32-ar cr CMakeFiles/cmTC_ba17a.dir/objects.a @CMakeFiles/cmTC_ba17a.dir/objects1.rsp]
  ignore line: [/usr/bin/x86_64-w64-mingw32-g++     -v -Wl,--whole-archive CMakeFiles/cmTC_ba17a.dir/objects.a -Wl,--no-whole-archive  -o cmTC_ba17a.exe -Wl,--out-implib,libcmTC_ba17a.dll.a -Wl,--major-image-version,0,--minor-image-version,0 ]
  ignore line: [Using built-in specs.]
  ignore line: [COLLECT_GCC=/usr/bin/x86_64-w64-mingw32-g++]
  ignore line: [COLLECT_LTO_WRAPPER=/usr/lib/gcc/x86_64-w64-mingw32/7.3-win32/lto-wrapper]
  ignore line: [Target: x86_64-w64-mingw32]
  ignore line: [Configured with: ../../src/configure --build=x86_64-linux-gnu --prefix=/usr --includedir='/usr/include' --mandir='/usr/share/man' --infodir='/usr/share/info' --sysconfdir=/etc --localstatedir=/var --disable-silent-rules --libdir='/usr/lib/x86_64-linux-gnu' --libexecdir='/usr/lib/x86_64-linux-gnu' --disable-maintainer-mode --disable-dependency-tracking --prefix=/usr --enable-shared --enable-static --disable-multilib --with-system-zlib --libexecdir=/usr/lib --without-included-gettext --libdir=/usr/lib --enable-libstdcxx-time=yes --with-tune=generic --with-headers=/usr/x86_64-w64-mingw32/include --enable-version-specific-runtime-libs --enable-fully-dynamic-string --enable-libgomp --enable-languages=c,c++,fortran,objc,obj-c++,ada --enable-lto --with-plugin-ld --enable-threads=win32 --program-suffix=-win32 --program-prefix=x86_64-w64-mingw32- --target=x86_64-w64-mingw32 --with-as=/usr/bin/x86_64-w64-mingw32-as --with-ld=/usr/bin/x86_64-w64-mingw32-ld --enable-libatomic --enable-libstdcxx-filesystem-ts=yes]
  ignore line: [Thread model: win32]
  ignore line: [gcc version 7.3-win32 20180312 (GCC) ]
  ignore line: [COMPILER_PATH=/usr/lib/gcc/x86_64-w64-mingw32/7.3-win32/:/usr/lib/gcc/x86_64-w64-mingw32/7.3-win32/:/usr/lib/gcc/x86_64-w64-mingw32/:/usr/lib/gcc/x86_64-w64-mingw32/7.3-win32/:/usr/lib/gcc/x86_64-w64-mingw32/:/usr/lib/gcc/x86_64-w64-mingw32/7.3-win32/../../../../x86_64-w64-mingw32/bin/]
  ignore line: [LIBRARY_PATH=/usr/lib/gcc/x86_64-w64-mingw32/7.3-win32/:/usr/lib/gcc/x86_64-w64-mingw32/7.3-win32/../../../../x86_64-w64-mingw32/lib/]
  ignore line: [COLLECT_GCC_OPTIONS='-v' '-o' 'cmTC_ba17a.exe' '-shared-libgcc' '-mtune=generic' '-march=x86-64']
  link line: [ /usr/lib/gcc/x86_64-w64-mingw32/7.3-win32/collect2 -m i386pep -Bdynamic -o cmTC_ba17a.exe /usr/lib/gcc/x86_64-w64-mingw32/7.3-win32/../../../../x86_64-w64-mingw32/lib/crt2.o /usr/lib/gcc/x86_64-w64-mingw32/7.3-win32/crtbegin.o -L/usr/lib/gcc/x86_64-w64-mingw32/7.3-win32 -L/usr/lib/gcc/x86_64-w64-mingw32/7.3-win32/../../../../x86_64-w64-mingw32/lib --whole-archive CMakeFiles/cmTC_ba17a.dir/objects.a --no-whole-archive --out-implib libcmTC_ba17a.dll.a --major-image-version 0 --minor-image-version 0 -lstdc++ -lmingw32 -lgcc_s -lgcc -lmoldname -lmingwex -lmsvcrt -ladvapi32 -lshell32 -luser32 -lkernel32 -lmingw32 -lgcc_s -lgcc -lmoldname -lmingwex -lmsvcrt /usr/lib/gcc/x86_64-w64-mingw32/7.3-win32/crtend.o]
    arg [/usr/lib/gcc/x86_64-w64-mingw32/7.3-win32/collect2] ==> ignore
    arg [-m] ==> ignore
    arg [i386pep] ==> ignore
    arg [-Bdynamic] ==> ignore
    arg [-o] ==> ignore
    arg [cmTC_ba17a.exe] ==> ignore
    arg [/usr/lib/gcc/x86_64-w64-mingw32/7.3-win32/../../../../x86_64-w64-mingw32/lib/crt2.o] ==> ignore
    arg [/usr/lib/gcc/x86_64-w64-mingw32/7.3-win32/crtbegin.o] ==> ignore
    arg [-L/usr/lib/gcc/x86_64-w64-mingw32/7.3-win32] ==> dir [/usr/lib/gcc/x86_64-w64-mingw32/7.3-win32]
    arg [-L/usr/lib/gcc/x86_64-w64-mingw32/7.3-win32/../../../../x86_64-w64-mingw32/lib] ==> dir [/usr/lib/gcc/x86_64-w64-mingw32/7.3-win32/../../../../x86_64-w64-mingw32/lib]
    arg [--whole-archive] ==> ignore
    arg [CMakeFiles/cmTC_ba17a.dir/objects.a] ==> ignore
    arg [--no-whole-archive] ==> ignore
    arg [--out-implib] ==> ignore
    arg [libcmTC_ba17a.dll.a] ==> ignore
    arg [--major-image-version] ==> ignore
    arg [0] ==> ignore
    arg [--minor-image-version] ==> ignore
    arg [0] ==> ignore
    arg [-lstdc++] ==> lib [stdc++]
    arg [-lmingw32] ==> lib [mingw32]
    arg [-lgcc_s] ==> lib [gcc_s]
    arg [-lgcc] ==> lib [gcc]
    arg [-lmoldname] ==> lib [moldname]
    arg [-lmingwex] ==> lib [mingwex]
    arg [-lmsvcrt] ==> lib [msvcrt]
    arg [-ladvapi32] ==> lib [advapi32]
    arg [-lshell32] ==> lib [shell32]
    arg [-luser32] ==> lib [user32]
    arg [-lkernel32] ==> lib [kernel32]
    arg [-lmingw32] ==> lib [mingw32]
    arg [-lgcc_s] ==> lib [gcc_s]
    arg [-lgcc] ==> lib [gcc]
    arg [-lmoldname] ==> lib [moldname]
    arg [-lmingwex] ==> lib [mingwex]
    arg [-lmsvcrt] ==> lib [msvcrt]
    arg [/usr/lib/gcc/x86_64-w64-mingw32/7.3-win32/crtend.o] ==> ignore
  remove lib [msvcrt]
  remove lib [msvcrt]
  collapse library dir [/usr/lib/gcc/x86_64-w64-mingw32/7.3-win32] ==> [/usr/lib/gcc/x86_64-w64-mingw32/7.3-win32]
  collapse library dir [/usr/lib/gcc/x86_64-w64-mingw32/7.3-win32/../../../../x86_64-w64-mingw32/lib] ==> [/usr/x86_64-w64-mingw32/lib]
  implicit libs: [stdc++;mingw32;gcc_s;gcc;moldname;mingwex;advapi32;shell32;user32;kernel32;mingw32;gcc_s;gcc;moldname;mingwex]
  implicit dirs: [/usr/lib/gcc/x86_64-w64-mingw32/7.3-win32;/usr/x86_64-w64-mingw32/lib]
  implicit fwks: []




Detecting CXX [-std=c++1z] compiler features compiled with the following output:
Change Dir: /home/jsnapp/Documents/CrabNet/build_win/CMakeFiles/CMakeTmp

Run Build Command:"/usr/bin/make" "cmTC_29c71/fast"
/usr/bin/make -f CMakeFiles/cmTC_29c71.dir/build.make CMakeFiles/cmTC_29c71.dir/build
make[1]: Entering directory '/home/jsnapp/Documents/CrabNet/build_win/CMakeFiles/CMakeTmp'
Building CXX object CMakeFiles/cmTC_29c71.dir/feature_tests.cxx.obj
/usr/bin/x86_64-w64-mingw32-g++    -std=c++1z -o CMakeFiles/cmTC_29c71.dir/feature_tests.cxx.obj -c /home/jsnapp/Documents/CrabNet/build_win/CMakeFiles/feature_tests.cxx
Linking CXX executable cmTC_29c71.exe
/usr/bin/cmake -E cmake_link_script CMakeFiles/cmTC_29c71.dir/link.txt --verbose=1
/usr/bin/cmake -E remove -f CMakeFiles/cmTC_29c71.dir/objects.a
/usr/bin/x86_64-w64-mingw32-ar cr CMakeFiles/cmTC_29c71.dir/objects.a @CMakeFiles/cmTC_29c71.dir/objects1.rsp
/usr/bin/x86_64-w64-mingw32-g++      -Wl,--whole-archive CMakeFiles/cmTC_29c71.dir/objects.a -Wl,--no-whole-archive  -o cmTC_29c71.exe -Wl,--out-implib,libcmTC_29c71.dll.a -Wl,--major-image-version,0,--minor-image-version,0 @CMakeFiles/cmTC_29c71.dir/linklibs.rsp
make[1]: Leaving directory '/home/jsnapp/Documents/CrabNet/build_win/CMakeFiles/CMakeTmp'


    Feature record: CXX_FEATURE:1cxx_aggregate_default_initializers
    Feature record: CXX_FEATURE:1cxx_alias_templates
    Feature record: CXX_FEATURE:1cxx_alignas
    Feature record: CXX_FEATURE:1cxx_alignof
    Feature record: CXX_FEATURE:1cxx_attributes
    Feature record: CXX_FEATURE:1cxx_attribute_deprecated
    Feature record: CXX_FEATURE:1cxx_auto_type
    Feature record: CXX_FEATURE:1cxx_binary_literals
    Feature record: CXX_FEATURE:1cxx_constexpr
    Feature record: CXX_FEATURE:1cxx_contextual_conversions
    Feature record: CXX_FEATURE:1cxx_decltype
    Feature record: CXX_FEATURE:1cxx_decltype_auto
    Feature record: CXX_FEATURE:1cxx_decltype_incomplete_return_types
    Feature record: CXX_FEATURE:1cxx_default_function_template_args
    Feature record: CXX_FEATURE:1cxx_defaulted_functions
    Feature record: CXX_FEATURE:1cxx_defaulted_move_initializers
    Feature record: CXX_FEATURE:1cxx_delegating_constructors
    Feature record: CXX_FEATURE:1cxx_deleted_functions
    Feature record: CXX_FEATURE:1cxx_digit_separators
    Feature record: CXX_FEATURE:1cxx_enum_forward_declarations
    Feature record: CXX_FEATURE:1cxx_explicit_conversions
    Feature record: CXX_FEATURE:1cxx_extended_friend_declarations
    Feature record: CXX_FEATURE:1cxx_extern_templates
    Feature record: CXX_FEATURE:1cxx_final
    Feature record: CXX_FEATURE:1cxx_func_identifier
    Feature record: CXX_FEATURE:1cxx_generalized_initializers
    Feature record: CXX_FEATURE:1cxx_generic_lambdas
    Feature record: CXX_FEATURE:1cxx_inheriting_constructors
    Feature record: CXX_FEATURE:1cxx_inline_namespaces
    Feature record: CXX_FEATURE:1cxx_lambdas
    Feature record: CXX_FEATURE:1cxx_lambda_init_captures
    Feature record: CXX_FEATURE:1cxx_local_type_template_args
    Feature record: CXX_FEATURE:1cxx_long_long_type
    Feature record: CXX_FEATURE:1cxx_noexcept
    Feature record: CXX_FEATURE:1cxx_nonstatic_member_init
    Feature record: CXX_FEATURE:1cxx_nullptr
    Feature record: CXX_FEATURE:1cxx_override
    Feature record: CXX_FEATURE:1cxx_range_for
    Feature record: CXX_FEATURE:1cxx_raw_string_literals
    Feature record: CXX_FEATURE:1cxx_reference_qualified_functions
    Feature record: CXX_FEATURE:1cxx_relaxed_constexpr
    Feature record: CXX_FEATURE:1cxx_return_type_deduction
    Feature record: CXX_FEATURE:1cxx_right_angle_brackets
    Feature record: CXX_FEATURE:1cxx_rvalue_references
    Feature record: CXX_FEATURE:1cxx_sizeof_member
    Feature record: CXX_FEATURE:1cxx_static_assert
    Feature record: CXX_FEATURE:1cxx_strong_enums
    Feature record: CXX_FEATURE:1cxx_template_template_parameters
    Feature record: CXX_FEATURE:1cxx_thread_local
    Feature record: CXX_FEATURE:1cxx_trailing_return_types
    Feature record: CXX_FEATURE:1cxx_unicode_literals
    Feature record: CXX_FEATURE:1cxx_uniform_initialization
    Feature record: CXX_FEATURE:1cxx_unrestricted_unions
    Feature record: CXX_FEATURE:1cxx_user_literals
    Feature record: CXX_FEATURE:1cxx_variable_templates
    Feature record: CXX_FEATURE:1cxx_variadic_macros
    Feature record: CXX_FEATURE:1cxx_variadic_templates


Detecting CXX [-std=c++14] compiler features compiled with the following output:
Change Dir: /home/jsnapp/Documents/CrabNet/build_win/CMakeFiles/CMakeTmp

Run Build Command:"/usr/bin/make" "cmTC_13d8d/fast"
/usr/bin/make -f CMakeFiles/cmTC_13d8d.dir/build.make CMakeFiles/cmTC_13d8d.dir/build
make[1]: Entering directory '/home/jsnapp/Documents/CrabNet/build_win/CMakeFiles/CMakeTmp'
Building CXX object CMakeFiles/cmTC_13d8d.dir/feature_tests.cxx.obj
/usr/bin/x86_64-w64-mingw32-g++    -std=c++14 -o CMakeFiles/cmTC_13d8d.dir/feature_tests.cxx.obj -c /home/jsnapp/Documents/CrabNet/build_win/CMakeFiles/feature_tests.cxx
Linking CXX executable cmTC_13d8d.exe
/usr/bin/cmake -E cmake_link_script CMakeFiles/cmTC_13d8d.dir/link.txt --verbose=1
/usr/bin/cmake -E remove -f CMakeFiles/cmTC_13d8d.dir/objects.a
/usr/bin/x86_64-w64-mingw32-ar cr CMakeFiles/cmTC_13d8d.dir/objects.a @CMakeFiles/cmTC_13d8d.dir/objects1.rsp
/usr/bin/x86_64-w64-mingw32-g++      -Wl,--whole-archive CMakeFiles/cmTC_13d8d.dir/objects.a -Wl,--no-whole-archive  -o cmTC_13d8d.exe -Wl,--out-implib,libcmTC_13d8d.dll.a -Wl,--major-image-version,0,--minor-image-version,0 @CMakeFiles/cmTC_13d8d.dir/linklibs.rsp
make[1]: Leaving directory '/home/jsnapp/Documents/CrabNet/build_win/CMakeFiles/CMakeTmp'


    Feature record: CXX_FEATURE:1cxx_aggregate_default_initializers
    Feature record: CXX_FEATURE:1cxx_alias_templates
    Feature record: CXX_FEATURE:1cxx_alignas
    Feature record: CXX_FEATURE:1cxx_alignof
    Feature record: CXX_FEATURE:1cxx_attributes
    Feature record: CXX_FEATURE:1cxx_attribute_deprecated
    Feature record: CXX_FEATURE:1cxx_auto_type
    Feature record: CXX_FEATURE:1cxx_binary_literals
    Feature record: CXX_FEATURE:1cxx_constexpr
    Feature record: CXX_FEATURE:1cxx_contextual_conversions
    Feature record: CXX_FEATURE:1cxx_decltype
    Feature record: CXX_FEATURE:1cxx_decltype_auto
    Feature record: CXX_FEATURE:1cxx_decltype_incomplete_return_types
    Feature record: CXX_FEATURE:1cxx_default_function_template_args
    Feature record: CXX_FEATURE:1cxx_defaulted_functions
    Feature record: CXX_FEATURE:1cxx_defaulted_move_initializers
    Feature record: CXX_FEATURE:1cxx_delegating_constructors
    Feature record: CXX_FEATURE:1cxx_deleted_functions
    Feature record: CXX_FEATURE:1cxx_digit_separators
    Feature record: CXX_FEATURE:1cxx_enum_forward_declarations
    Feature record: CXX_FEATURE:1cxx_explicit_conversions
    Feature record: CXX_FEATURE:1cxx_extended_friend_declarations
    Feature record: CXX_FEATURE:1cxx_extern_templates
    Feature record: CXX_FEATURE:1cxx_final
    Feature record: CXX_FEATURE:1cxx_func_identifier
    Feature record: CXX_FEATURE:1cxx_generalized_initializers
    Feature record: CXX_FEATURE:1cxx_generic_lambdas
    Feature record: CXX_FEATURE:1cxx_inheriting_constructors
    Feature record: CXX_FEATURE:1cxx_inline_namespaces
    Feature record: CXX_FEATURE:1cxx_lambdas
    Feature record: CXX_FEATURE:1cxx_lambda_init_captures
    Feature record: CXX_FEATURE:1cxx_local_type_template_args
    Feature record: CXX_FEATURE:1cxx_long_long_type
    Feature record: CXX_FEATURE:1cxx_noexcept
    Feature record: CXX_FEATURE:1cxx_nonstatic_member_init
    Feature record: CXX_FEATURE:1cxx_nullptr
    Feature record: CXX_FEATURE:1cxx_override
    Feature record: CXX_FEATURE:1cxx_range_for
    Feature record: CXX_FEATURE:1cxx_raw_string_literals
    Feature record: CXX_FEATURE:1cxx_reference_qualified_functions
    Feature record: CXX_FEATURE:1cxx_relaxed_constexpr
    Feature record: CXX_FEATURE:1cxx_return_type_deduction
    Feature record: CXX_FEATURE:1cxx_right_angle_brackets
    Feature record: CXX_FEATURE:1cxx_rvalue_references
    Feature record: CXX_FEATURE:1cxx_sizeof_member
    Feature record: CXX_FEATURE:1cxx_static_assert
    Feature record: CXX_FEATURE:1cxx_strong_enums
    Feature record: CXX_FEATURE:1cxx_template_template_parameters
    Feature record: CXX_FEATURE:1cxx_thread_local
    Feature record: CXX_FEATURE:1cxx_trailing_return_types
    Feature record: CXX_FEATURE:1cxx_unicode_literals
    Feature record: CXX_FEATURE:1cxx_uniform_initialization
    Feature record: CXX_FEATURE:1cxx_unrestricted_unions
    Feature record: CXX_FEATURE:1cxx_user_literals
    Feature record: CXX_FEATURE:1cxx_variable_templates
    Feature record: CXX_FEATURE:1cxx_variadic_macros
    Feature record: CXX_FEATURE:1cxx_variadic_templates


Detecting CXX [-std=c++11] compiler features compiled with the following output:
Change Dir: /home/jsnapp/Documents/CrabNet/build_win/CMakeFiles/CMakeTmp

Run Build Command:"/usr/bin/make" "cmTC_2ef41/fast"
/usr/bin/make -f CMakeFiles/cmTC_2ef41.dir/build.make CMakeFiles/cmTC_2ef41.dir/build
make[1]: Entering directory '/home/jsnapp/Documents/CrabNet/build_win/CMakeFiles/CMakeTmp'
Building CXX object CMakeFiles/cmTC_2ef41.dir/feature_tests.cxx.obj
/usr/bin/x86_64-w64-mingw32-g++    -std=c++11 -o CMakeFiles/cmTC_2ef41.dir/feature_tests.cxx.obj -c /home/jsnapp/Documents/CrabNet/build_win/CMakeFiles/feature_tests.cxx
Linking CXX executable cmTC_2ef41.exe
/usr/bin/cmake -E cmake_link_script CMakeFiles/cmTC_2ef41.dir/link.txt --verbose=1
/usr/bin/cmake -E remove -f CMakeFiles/cmTC_2ef41.dir/objects.a
/usr/bin/x86_64-w64-mingw32-ar cr CMakeFiles/cmTC_2ef41.dir/objects.a @CMakeFiles/cmTC_2ef41.dir/objects1.rsp
/usr/bin/x86_64-w64-mingw32-g++      -Wl,--whole-archive CMakeFiles/cmTC_2ef41.dir/objects.a -Wl,--no-whole-archive  -o cmTC_2ef41.exe -Wl,--out-implib,libcmTC_2ef41.dll.a -Wl,--major-image-version,0,--minor-image-version,0 @CMakeFiles/cmTC_2ef41.dir/linklibs.rsp
make[1]: Leaving directory '/home/jsnapp/Documents/CrabNet/build_win/CMakeFiles/CMakeTmp'


    Feature record: CXX_FEATURE:0cxx_aggregate_default_initializers
    Feature record: CXX_FEATURE:1cxx_alias_templates
    Feature record: CXX_FEATURE:1cxx_alignas
    Feature record: CXX_FEATURE:1cxx_alignof
    Feature record: CXX_FEATURE:1cxx_attributes
    Feature record: CXX_FEATURE:0cxx_attribute_deprecated
    Feature record: CXX_FEATURE:1cxx_auto_type
    Feature record: CXX_FEATURE:0cxx_binary_literals
    Feature record: CXX_FEATURE:1cxx_constexpr
    Feature record: CXX_FEATURE:0cxx_contextual_conversions
    Feature record: CXX_FEATURE:1cxx_decltype
    Feature record: CXX_FEATURE:0cxx_decltype_auto
    Feature record: CXX_FEATURE:1cxx_decltype_incomplete_return_types
    Feature record: CXX_FEATURE:1cxx_default_function_template_args
    Feature record: CXX_FEATURE:1cxx_defaulted_functions
    Feature record: CXX_FEATURE:1cxx_defaulted_move_initializers
    Feature record: CXX_FEATURE:1cxx_delegating_constructors
    Feature record: CXX_FEATURE:1cxx_deleted_functions
    Feature record: CXX_FEATURE:0cxx_digit_separators
    Feature record: CXX_FEATURE:1cxx_enum_forward_declarations
    Feature record: CXX_FEATURE:1cxx_explicit_conversions
    Feature record: CXX_FEATURE:1cxx_extended_friend_declarations
    Feature record: CXX_FEATURE:1cxx_extern_templates
    Feature record: CXX_FEATURE:1cxx_final
    Feature record: CXX_FEATURE:1cxx_func_identifier
    Feature record: CXX_FEATURE:1cxx_generalized_initializers
    Feature record: CXX_FEATURE:0cxx_generic_lambdas
    Feature record: CXX_FEATURE:1cxx_inheriting_constructors
    Feature record: CXX_FEATURE:1cxx_inline_namespaces
    Feature record: CXX_FEATURE:1cxx_lambdas
    Feature record: CXX_FEATURE:0cxx_lambda_init_captures
    Feature record: CXX_FEATURE:1cxx_local_type_template_args
    Feature record: CXX_FEATURE:1cxx_long_long_type
    Feature record: CXX_FEATURE:1cxx_noexcept
    Feature record: CXX_FEATURE:1cxx_nonstatic_member_init
    Feature record: CXX_FEATURE:1cxx_nullptr
    Feature record: CXX_FEATURE:1cxx_override
    Feature record: CXX_FEATURE:1cxx_range_for
    Feature record: CXX_FEATURE:1cxx_raw_string_literals
    Feature record: CXX_FEATURE:1cxx_reference_qualified_functions
    Feature record: CXX_FEATURE:0cxx_relaxed_constexpr
    Feature record: CXX_FEATURE:0cxx_return_type_deduction
    Feature record: CXX_FEATURE:1cxx_right_angle_brackets
    Feature record: CXX_FEATURE:1cxx_rvalue_references
    Feature record: CXX_FEATURE:1cxx_sizeof_member
    Feature record: CXX_FEATURE:1cxx_static_assert
    Feature record: CXX_FEATURE:1cxx_strong_enums
    Feature record: CXX_FEATURE:1cxx_template_template_parameters
    Feature record: CXX_FEATURE:1cxx_thread_local
    Feature record: CXX_FEATURE:1cxx_trailing_return_types
    Feature record: CXX_FEATURE:1cxx_unicode_literals
    Feature record: CXX_FEATURE:1cxx_uniform_initialization
    Feature record: CXX_FEATURE:1cxx_unrestricted_unions
    Feature record: CXX_FEATURE:1cxx_user_literals
    Feature record: CXX_FEATURE:0cxx_variable_templates
    Feature record: CXX_FEATURE:1cxx_variadic_macros
    Feature record: CXX_FEATURE:1cxx_variadic_templates


Detecting CXX [-std=c++98] compiler features compiled with the following output:
Change Dir: /home/jsnapp/Documents/CrabNet/build_win/CMakeFiles/CMakeTmp

Run Build Command:"/usr/bin/make" "cmTC_d52a2/fast"
/usr/bin/make -f CMakeFiles/cmTC_d52a2.dir/build.make CMakeFiles/cmTC_d52a2.dir/build
make[1]: Entering directory '/home/jsnapp/Documents/CrabNet/build_win/CMakeFiles/CMakeTmp'
Building CXX object CMakeFiles/cmTC_d52a2.dir/feature_tests.cxx.obj
/usr/bin/x86_64-w64-mingw32-g++    -std=c++98 -o CMakeFiles/cmTC_d52a2.dir/feature_tests.cxx.obj -c /home/jsnapp/Documents/CrabNet/build_win/CMakeFiles/feature_tests.cxx
Linking CXX executable cmTC_d52a2.exe
/usr/bin/cmake -E cmake_link_script CMakeFiles/cmTC_d52a2.dir/link.txt --verbose=1
/usr/bin/cmake -E remove -f CMakeFiles/cmTC_d52a2.dir/objects.a
/usr/bin/x86_64-w64-mingw32-ar cr CMakeFiles/cmTC_d52a2.dir/objects.a @CMakeFiles/cmTC_d52a2.dir/objects1.rsp
/usr/bin/x86_64-w64-mingw32-g++      -Wl,--whole-archive CMakeFiles/cmTC_d52a2.dir/objects.a -Wl,--no-whole-archive  -o cmTC_d52a2.exe -Wl,--out-implib,libcmTC_d52a2.dll.a -Wl,--major-image-version,0,--minor-image-version,0 @CMakeFiles/cmTC_d52a2.dir/linklibs.rsp
make[1]: Leaving directory '/home/jsnapp/Documents/CrabNet/build_win/CMakeFiles/CMakeTmp'


    Feature record: CXX_FEATURE:0cxx_aggregate_default_initializers
    Feature record: CXX_FEATURE:0cxx_alias_templates
    Feature record: CXX_FEATURE:0cxx_alignas
    Feature record: CXX_FEATURE:0cxx_alignof
    Feature record: CXX_FEATURE:0cxx_attributes
    Feature record: CXX_FEATURE:0cxx_attribute_deprecated
    Feature record: CXX_FEATURE:0cxx_auto_type
    Feature record: CXX_FEATURE:0cxx_binary_literals
    Feature record: CXX_FEATURE:0cxx_constexpr
    Feature record: CXX_FEATURE:0cxx_contextual_conversions
    Feature record: CXX_FEATURE:0cxx_decltype
    Feature record: CXX_FEATURE:0cxx_decltype_auto
    Feature record: CXX_FEATURE:0cxx_decltype_incomplete_return_types
    Feature record: CXX_FEATURE:0cxx_default_function_template_args
    Feature record: CXX_FEATURE:0cxx_defaulted_functions
    Feature record: CXX_FEATURE:0cxx_defaulted_move_initializers
    Feature record: CXX_FEATURE:0cxx_delegating_constructors
    Feature record: CXX_FEATURE:0cxx_deleted_functions
    Feature record: CXX_FEATURE:0cxx_digit_separators
    Feature record: CXX_FEATURE:0cxx_enum_forward_declarations
    Feature record: CXX_FEATURE:0cxx_explicit_conversions
    Feature record: CXX_FEATURE:0cxx_extended_friend_declarations
    Feature record: CXX_FEATURE:0cxx_extern_templates
    Feature record: CXX_FEATURE:0cxx_final
    Feature record: CXX_FEATURE:0cxx_func_identifier
    Feature record: CXX_FEATURE:0cxx_generalized_initializers
    Feature record: CXX_FEATURE:0cxx_generic_lambdas
    Feature record: CXX_FEATURE:0cxx_inheriting_constructors
    Feature record: CXX_FEATURE:0cxx_inline_namespaces
    Feature record: CXX_FEATURE:0cxx_lambdas
    Feature record: CXX_FEATURE:0cxx_lambda_init_captures
    Feature record: CXX_FEATURE:0cxx_local_type_template_args
    Feature record: CXX_FEATURE:0cxx_long_long_type
    Feature record: CXX_FEATURE:0cxx_noexcept
    Feature record: CXX_FEATURE:0cxx_nonstatic_member_init
    Feature record: CXX_FEATURE:0cxx_nullptr
    Feature record: CXX_FEATURE:0cxx_override
    Feature record: CXX_FEATURE:0cxx_range_for
    Feature record: CXX_FEATURE:0cxx_raw_string_literals
    Feature record: CXX_FEATURE:0cxx_reference_qualified_functions
    Feature record: CXX_FEATURE:0cxx_relaxed_constexpr
    Feature record: CXX_FEATURE:0cxx_return_type_deduction
    Feature record: CXX_FEATURE:0cxx_right_angle_brackets
    Feature record: CXX_FEATURE:0cxx_rvalue_references
    Feature record: CXX_FEATURE:0cxx_sizeof_member
    Feature record: CXX_FEATURE:0cxx_static_assert
    Feature record: CXX_FEATURE:0cxx_strong_enums
    Feature record: CXX_FEATURE:1cxx_template_template_parameters
    Feature record: CXX_FEATURE:0cxx_thread_local
    Feature record: CXX_FEATURE:0cxx_trailing_return_types
    Feature record: CXX_FEATURE:0cxx_unicode_literals
    Feature record: CXX_FEATURE:0cxx_uniform_initialization
    Feature record: CXX_FEATURE:0cxx_unrestricted_unions
    Feature record: CXX_FEATURE:0cxx_user_literals
    Feature record: CXX_FEATURE:0cxx_variable_templates
    Feature record: CXX_FEATURE:0cxx_variadic_macros
    Feature record: CXX_FEATURE:0cxx_variadic_templates
